/var/home/jim/workspace/phixr/phixr/main.py:66: DeprecationWarning: 
        on_event is deprecated, use lifespan event handlers instead.

        Read more about it in the
        [FastAPI docs for Lifespan Events](https://fastapi.tiangolo.com/advanced/events/).
        
  @app.on_event("startup")
INFO:     Started server process [45240]
INFO:     Waiting for application startup.
2026-03-26 09:44:14,850 - __main__ - INFO - Initializing Phixr...
2026-03-26 09:44:14,850 - __main__ - INFO - GitLab URL: http://localhost:8080
2026-03-26 09:44:15,013 - __main__ - INFO - Bot user ID: 3
2026-03-26 09:44:15,013 - __main__ - INFO - ✅ Phixr initialized successfully
INFO:     Application startup complete.
INFO:     Uvicorn running on http://0.0.0.0:8000 (Press CTRL+C to quit)
INFO:     127.0.0.1:53302 - "GET /health HTTP/1.1" 200 OK
INFO:     127.0.0.1:57066 - "GET /health HTTP/1.1" 200 OK
INFO:     127.0.0.1:57068 - "GET /info HTTP/1.1" 200 OK
INFO:     Shutting down
INFO:     Waiting for application shutdown.
INFO:     Application shutdown complete.
INFO:     Finished server process [45240]
